Aug 10, 2016 9:43:06 AM com.ca.gateway.rest.commandline.Main main
INFO: No command given. Printing available commands.
Aug 10, 2016 9:44:26 AM com.ca.gateway.rest.commandline.Main main
INFO: No command given. Printing available commands.
Aug 10, 2016 9:46:30 AM com.ca.gateway.rest.commandline.Main main
INFO: No command given. Printing available commands.
Aug 10, 2016 9:50:24 AM com.ca.gateway.rest.commandline.command.GatewayCommand setClientConfig
WARNING: TLS hostname verification has been disabled
Aug 10, 2016 9:50:24 AM com.ca.gateway.rest.commandline.command.GatewayCommand setClientConfig
WARNING: TLS server certificate check has been disabled
Aug 10, 2016 9:51:04 AM com.ca.gateway.rest.commandline.command.GatewayCommand setClientConfig
WARNING: TLS hostname verification has been disabled
Aug 10, 2016 9:51:04 AM com.ca.gateway.rest.commandline.command.GatewayCommand setClientConfig
WARNING: TLS server certificate check has been disabled
Aug 10, 2016 9:52:00 AM com.ca.gateway.rest.commandline.command.GatewayCommand setClientConfig
WARNING: TLS hostname verification has been disabled
Aug 10, 2016 9:52:00 AM com.ca.gateway.rest.commandline.command.GatewayCommand setClientConfig
WARNING: TLS server certificate check has been disabled
Aug 10, 2016 9:52:10 AM com.ca.gateway.rest.commandline.command.GatewayCommand setClientConfig
WARNING: TLS hostname verification has been disabled
Aug 10, 2016 9:52:10 AM com.ca.gateway.rest.commandline.command.GatewayCommand setClientConfig
WARNING: TLS server certificate check has been disabled
Aug 10, 2016 9:52:52 AM com.ca.gateway.rest.commandline.command.GatewayCommand setClientConfig
WARNING: TLS hostname verification has been disabled
Aug 10, 2016 9:52:52 AM com.ca.gateway.rest.commandline.command.GatewayCommand setClientConfig
WARNING: TLS server certificate check has been disabled
Aug 10, 2016 9:53:43 AM com.ca.gateway.rest.commandline.command.GatewayCommand setClientConfig
WARNING: TLS hostname verification has been disabled
Aug 10, 2016 9:53:43 AM com.ca.gateway.rest.commandline.command.GatewayCommand setClientConfig
WARNING: TLS server certificate check has been disabled
Aug 10, 2016 9:53:43 AM com.ca.gateway.rest.commandline.command.Command runCommand
INFO: Running Command: migrateOut
Aug 10, 2016 9:53:44 AM com.ca.gateway.rest.commandline.command.Command runCommand
WARNING: Error executing command
javax.ws.rs.ProcessingException: java.net.ConnectException: Connection refused
	at org.glassfish.jersey.client.HttpUrlConnector.apply(HttpUrlConnector.java:184)
	at org.glassfish.jersey.client.ClientRuntime.invoke(ClientRuntime.java:227)
	at org.glassfish.jersey.client.JerseyInvocation$1.call(JerseyInvocation.java:655)
	at org.glassfish.jersey.client.JerseyInvocation$1.call(JerseyInvocation.java:652)
	at org.glassfish.jersey.internal.Errors.process(Errors.java:315)
	at org.glassfish.jersey.internal.Errors.process(Errors.java:297)
	at org.glassfish.jersey.internal.Errors.process(Errors.java:228)
	at org.glassfish.jersey.process.internal.RequestScope.runInScope(RequestScope.java:422)
	at org.glassfish.jersey.client.JerseyInvocation.invoke(JerseyInvocation.java:652)
	at com.ca.gateway.rest.api.GatewayManagementGatewayClient$IP10Bundle.getAsItemReferenceType(Unknown Source)
	at com.ca.gateway.rest.api.resource.impl.BundleResource.getBundle(Unknown Source)
	at com.ca.gateway.rest.commandline.command.MigrateOutCommand.a(Unknown Source)
	at com.ca.gateway.rest.commandline.command.MigrateOutCommand.run(Unknown Source)
	at com.ca.gateway.rest.commandline.command.GatewayCommand.run(Unknown Source)
	at com.ca.gateway.rest.commandline.command.Command.runCommand(Unknown Source)
	at com.ca.gateway.rest.commandline.Main.main(Unknown Source)
Caused by: java.net.ConnectException: Connection refused
	at java.net.PlainSocketImpl.socketConnect(Native Method)
	at java.net.AbstractPlainSocketImpl.doConnect(AbstractPlainSocketImpl.java:350)
	at java.net.AbstractPlainSocketImpl.connectToAddress(AbstractPlainSocketImpl.java:206)
	at java.net.AbstractPlainSocketImpl.connect(AbstractPlainSocketImpl.java:188)
	at java.net.SocksSocketImpl.connect(SocksSocketImpl.java:392)
	at java.net.Socket.connect(Socket.java:589)
	at sun.security.ssl.SSLSocketImpl.connect(SSLSocketImpl.java:668)
	at sun.net.NetworkClient.doConnect(NetworkClient.java:175)
	at sun.net.www.http.HttpClient.openServer(HttpClient.java:432)
	at sun.net.www.http.HttpClient.openServer(HttpClient.java:527)
	at sun.net.www.protocol.https.HttpsClient.<init>(HttpsClient.java:264)
	at sun.net.www.protocol.https.HttpsClient.New(HttpsClient.java:367)
	at sun.net.www.protocol.https.AbstractDelegateHttpsURLConnection.getNewHttpClient(AbstractDelegateHttpsURLConnection.java:191)
	at sun.net.www.protocol.http.HttpURLConnection.plainConnect0(HttpURLConnection.java:1105)
	at sun.net.www.protocol.http.HttpURLConnection.plainConnect(HttpURLConnection.java:999)
	at sun.net.www.protocol.https.AbstractDelegateHttpsURLConnection.connect(AbstractDelegateHttpsURLConnection.java:177)
	at sun.net.www.protocol.http.HttpURLConnection.getInputStream0(HttpURLConnection.java:1513)
	at sun.net.www.protocol.http.HttpURLConnection.getInputStream(HttpURLConnection.java:1441)
	at java.net.HttpURLConnection.getResponseCode(HttpURLConnection.java:480)
	at sun.net.www.protocol.https.HttpsURLConnectionImpl.getResponseCode(HttpsURLConnectionImpl.java:338)
	at org.glassfish.jersey.client.HttpUrlConnector._apply(HttpUrlConnector.java:276)
	at org.glassfish.jersey.client.HttpUrlConnector.apply(HttpUrlConnector.java:182)
	... 15 more

Aug 10, 2016 9:58:15 AM com.ca.gateway.rest.commandline.command.GatewayCommand setClientConfig
WARNING: TLS hostname verification has been disabled
Aug 10, 2016 9:58:15 AM com.ca.gateway.rest.commandline.command.GatewayCommand setClientConfig
WARNING: TLS server certificate check has been disabled
Aug 10, 2016 9:58:15 AM com.ca.gateway.rest.commandline.command.Command runCommand
INFO: Running Command: migrateOut
Aug 10, 2016 10:04:19 AM com.ca.gateway.rest.commandline.command.GatewayCommand setClientConfig
WARNING: TLS hostname verification has been disabled
Aug 10, 2016 10:04:19 AM com.ca.gateway.rest.commandline.command.GatewayCommand setClientConfig
WARNING: TLS server certificate check has been disabled
Aug 10, 2016 10:04:19 AM com.ca.gateway.rest.commandline.command.Command runCommand
INFO: Running Command: migrateOut
Aug 10, 2016 10:07:54 AM com.ca.gateway.rest.commandline.command.GatewayCommand setClientConfig
WARNING: TLS hostname verification has been disabled
Aug 10, 2016 10:07:54 AM com.ca.gateway.rest.commandline.command.GatewayCommand setClientConfig
WARNING: TLS server certificate check has been disabled
Aug 10, 2016 10:08:49 AM com.ca.gateway.rest.commandline.command.GatewayCommand setClientConfig
WARNING: TLS hostname verification has been disabled
Aug 10, 2016 10:08:49 AM com.ca.gateway.rest.commandline.command.GatewayCommand setClientConfig
WARNING: TLS server certificate check has been disabled
Aug 10, 2016 10:08:49 AM com.ca.gateway.rest.commandline.command.Command runCommand
INFO: Running Command: migrateIn
Aug 10, 2016 10:12:52 AM com.ca.gateway.rest.commandline.command.GatewayCommand setClientConfig
WARNING: TLS hostname verification has been disabled
Aug 10, 2016 10:12:52 AM com.ca.gateway.rest.commandline.command.GatewayCommand setClientConfig
WARNING: TLS server certificate check has been disabled
Aug 10, 2016 10:12:52 AM com.ca.gateway.rest.commandline.command.Command runCommand
INFO: Running Command: migrateIn
Aug 10, 2016 10:33:53 AM com.ca.gateway.rest.commandline.command.GatewayCommand setClientConfig
WARNING: TLS hostname verification has been disabled
Aug 10, 2016 10:33:53 AM com.ca.gateway.rest.commandline.command.GatewayCommand setClientConfig
WARNING: TLS server certificate check has been disabled
Aug 10, 2016 10:33:53 AM com.ca.gateway.rest.commandline.command.Command runCommand
INFO: Running Command: migrateIn
Aug 10, 2016 11:12:44 AM com.ca.gateway.rest.commandline.command.GatewayCommand setClientConfig
WARNING: TLS hostname verification has been disabled
Aug 10, 2016 11:12:44 AM com.ca.gateway.rest.commandline.command.GatewayCommand setClientConfig
WARNING: TLS server certificate check has been disabled
Aug 10, 2016 11:12:44 AM com.ca.gateway.rest.commandline.command.Command runCommand
INFO: Running Command: migrateIn
Aug 10, 2016 1:03:18 PM com.ca.gateway.rest.commandline.command.GatewayCommand setClientConfig
WARNING: TLS hostname verification has been disabled
Aug 10, 2016 1:03:18 PM com.ca.gateway.rest.commandline.command.GatewayCommand setClientConfig
WARNING: TLS server certificate check has been disabled
Aug 10, 2016 1:03:18 PM com.ca.gateway.rest.commandline.command.Command runCommand
INFO: Running Command: migrateIn
Aug 10, 2016 1:53:02 PM com.ca.gateway.rest.commandline.command.GatewayCommand setClientConfig
WARNING: TLS hostname verification has been disabled
Aug 10, 2016 1:53:02 PM com.ca.gateway.rest.commandline.command.GatewayCommand setClientConfig
WARNING: TLS server certificate check has been disabled
Aug 10, 2016 1:53:02 PM com.ca.gateway.rest.commandline.command.Command runCommand
INFO: Running Command: migrateIn
Aug 10, 2016 1:53:05 PM com.ca.gateway.rest.commandline.command.Command runCommand
WARNING: Error executing command
javax.ws.rs.ProcessingException: Already connected
	at org.glassfish.jersey.client.ClientRuntime.invoke(ClientRuntime.java:236)
	at org.glassfish.jersey.client.JerseyInvocation$1.call(JerseyInvocation.java:655)
	at org.glassfish.jersey.client.JerseyInvocation$1.call(JerseyInvocation.java:652)
	at org.glassfish.jersey.internal.Errors.process(Errors.java:315)
	at org.glassfish.jersey.internal.Errors.process(Errors.java:297)
	at org.glassfish.jersey.internal.Errors.process(Errors.java:228)
	at org.glassfish.jersey.process.internal.RequestScope.runInScope(RequestScope.java:422)
	at org.glassfish.jersey.client.JerseyInvocation.invoke(JerseyInvocation.java:652)
	at com.ca.gateway.rest.api.GatewayManagementGatewayClient$IP10Bundle.putXml(Unknown Source)
	at com.ca.gateway.rest.api.resource.impl.BundleResource.importBundle(Unknown Source)
	at com.ca.gateway.rest.commandline.command.MigrateInCommand.a(Unknown Source)
	at com.ca.gateway.rest.commandline.command.MigrateInCommand.run(Unknown Source)
	at com.ca.gateway.rest.commandline.command.GatewayCommand.run(Unknown Source)
	at com.ca.gateway.rest.commandline.command.Command.runCommand(Unknown Source)
	at com.ca.gateway.rest.commandline.Main.main(Unknown Source)
Caused by: java.lang.IllegalStateException: Already connected
	at sun.net.www.protocol.http.HttpURLConnection.setRequestProperty(HttpURLConnection.java:3014)
	at sun.net.www.protocol.https.HttpsURLConnectionImpl.setRequestProperty(HttpsURLConnectionImpl.java:316)
	at org.glassfish.jersey.client.HttpUrlConnector.setOutboundHeaders(HttpUrlConnector.java:292)
	at org.glassfish.jersey.client.HttpUrlConnector.access$100(HttpUrlConnector.java:83)
	at org.glassfish.jersey.client.HttpUrlConnector$3.getOutputStream(HttpUrlConnector.java:266)
	at org.glassfish.jersey.message.internal.CommittingOutputStream.commitStream(CommittingOutputStream.java:200)
	at org.glassfish.jersey.message.internal.CommittingOutputStream.commitStream(CommittingOutputStream.java:194)
	at org.glassfish.jersey.message.internal.CommittingOutputStream.commit(CommittingOutputStream.java:262)
	at org.glassfish.jersey.message.internal.OutboundMessageContext.commitStream(OutboundMessageContext.java:812)
	at org.glassfish.jersey.client.ClientRequest.writeEntity(ClientRequest.java:526)
	at org.glassfish.jersey.client.HttpUrlConnector._apply(HttpUrlConnector.java:270)
	at org.glassfish.jersey.client.HttpUrlConnector.apply(HttpUrlConnector.java:182)
	at org.glassfish.jersey.client.ClientRuntime.invoke(ClientRuntime.java:227)
	... 14 more

Aug 10, 2016 1:56:22 PM com.ca.gateway.rest.commandline.command.GatewayCommand setClientConfig
WARNING: TLS hostname verification has been disabled
Aug 10, 2016 1:56:22 PM com.ca.gateway.rest.commandline.command.GatewayCommand setClientConfig
WARNING: TLS server certificate check has been disabled
Aug 10, 2016 1:56:22 PM com.ca.gateway.rest.commandline.command.Command runCommand
INFO: Running Command: migrateIn
Aug 10, 2016 1:56:25 PM com.ca.gateway.rest.commandline.command.Command runCommand
WARNING: Error executing command
javax.ws.rs.ProcessingException: Already connected
	at org.glassfish.jersey.client.ClientRuntime.invoke(ClientRuntime.java:236)
	at org.glassfish.jersey.client.JerseyInvocation$1.call(JerseyInvocation.java:655)
	at org.glassfish.jersey.client.JerseyInvocation$1.call(JerseyInvocation.java:652)
	at org.glassfish.jersey.internal.Errors.process(Errors.java:315)
	at org.glassfish.jersey.internal.Errors.process(Errors.java:297)
	at org.glassfish.jersey.internal.Errors.process(Errors.java:228)
	at org.glassfish.jersey.process.internal.RequestScope.runInScope(RequestScope.java:422)
	at org.glassfish.jersey.client.JerseyInvocation.invoke(JerseyInvocation.java:652)
	at com.ca.gateway.rest.api.GatewayManagementGatewayClient$IP10Bundle.putXml(Unknown Source)
	at com.ca.gateway.rest.api.resource.impl.BundleResource.importBundle(Unknown Source)
	at com.ca.gateway.rest.commandline.command.MigrateInCommand.a(Unknown Source)
	at com.ca.gateway.rest.commandline.command.MigrateInCommand.run(Unknown Source)
	at com.ca.gateway.rest.commandline.command.GatewayCommand.run(Unknown Source)
	at com.ca.gateway.rest.commandline.command.Command.runCommand(Unknown Source)
	at com.ca.gateway.rest.commandline.Main.main(Unknown Source)
Caused by: java.lang.IllegalStateException: Already connected
	at sun.net.www.protocol.http.HttpURLConnection.setRequestProperty(HttpURLConnection.java:3014)
	at sun.net.www.protocol.https.HttpsURLConnectionImpl.setRequestProperty(HttpsURLConnectionImpl.java:316)
	at org.glassfish.jersey.client.HttpUrlConnector.setOutboundHeaders(HttpUrlConnector.java:292)
	at org.glassfish.jersey.client.HttpUrlConnector.access$100(HttpUrlConnector.java:83)
	at org.glassfish.jersey.client.HttpUrlConnector$3.getOutputStream(HttpUrlConnector.java:266)
	at org.glassfish.jersey.message.internal.CommittingOutputStream.commitStream(CommittingOutputStream.java:200)
	at org.glassfish.jersey.message.internal.CommittingOutputStream.commitStream(CommittingOutputStream.java:194)
	at org.glassfish.jersey.message.internal.CommittingOutputStream.commit(CommittingOutputStream.java:262)
	at org.glassfish.jersey.message.internal.OutboundMessageContext.commitStream(OutboundMessageContext.java:812)
	at org.glassfish.jersey.client.ClientRequest.writeEntity(ClientRequest.java:526)
	at org.glassfish.jersey.client.HttpUrlConnector._apply(HttpUrlConnector.java:270)
	at org.glassfish.jersey.client.HttpUrlConnector.apply(HttpUrlConnector.java:182)
	at org.glassfish.jersey.client.ClientRuntime.invoke(ClientRuntime.java:227)
	... 14 more

Aug 10, 2016 1:59:12 PM com.ca.gateway.rest.commandline.command.GatewayCommand setClientConfig
WARNING: TLS hostname verification has been disabled
Aug 10, 2016 1:59:12 PM com.ca.gateway.rest.commandline.command.GatewayCommand setClientConfig
WARNING: TLS server certificate check has been disabled
Aug 10, 2016 1:59:12 PM com.ca.gateway.rest.commandline.command.Command runCommand
INFO: Running Command: migrateIn
Aug 10, 2016 2:06:11 PM com.ca.gateway.rest.commandline.command.GatewayCommand setClientConfig
WARNING: TLS hostname verification has been disabled
Aug 10, 2016 2:06:11 PM com.ca.gateway.rest.commandline.command.GatewayCommand setClientConfig
WARNING: TLS server certificate check has been disabled
Aug 10, 2016 2:06:11 PM com.ca.gateway.rest.commandline.command.Command runCommand
INFO: Running Command: migrateIn
Aug 10, 2016 2:06:14 PM com.ca.gateway.rest.commandline.command.Command runCommand
WARNING: Error executing command
javax.ws.rs.ProcessingException: Already connected
	at org.glassfish.jersey.client.ClientRuntime.invoke(ClientRuntime.java:236)
	at org.glassfish.jersey.client.JerseyInvocation$1.call(JerseyInvocation.java:655)
	at org.glassfish.jersey.client.JerseyInvocation$1.call(JerseyInvocation.java:652)
	at org.glassfish.jersey.internal.Errors.process(Errors.java:315)
	at org.glassfish.jersey.internal.Errors.process(Errors.java:297)
	at org.glassfish.jersey.internal.Errors.process(Errors.java:228)
	at org.glassfish.jersey.process.internal.RequestScope.runInScope(RequestScope.java:422)
	at org.glassfish.jersey.client.JerseyInvocation.invoke(JerseyInvocation.java:652)
	at com.ca.gateway.rest.api.GatewayManagementGatewayClient$IP10Bundle.putXml(Unknown Source)
	at com.ca.gateway.rest.api.resource.impl.BundleResource.importBundle(Unknown Source)
	at com.ca.gateway.rest.commandline.command.MigrateInCommand.a(Unknown Source)
	at com.ca.gateway.rest.commandline.command.MigrateInCommand.run(Unknown Source)
	at com.ca.gateway.rest.commandline.command.GatewayCommand.run(Unknown Source)
	at com.ca.gateway.rest.commandline.command.Command.runCommand(Unknown Source)
	at com.ca.gateway.rest.commandline.Main.main(Unknown Source)
Caused by: java.lang.IllegalStateException: Already connected
	at sun.net.www.protocol.http.HttpURLConnection.setRequestProperty(HttpURLConnection.java:3014)
	at sun.net.www.protocol.https.HttpsURLConnectionImpl.setRequestProperty(HttpsURLConnectionImpl.java:316)
	at org.glassfish.jersey.client.HttpUrlConnector.setOutboundHeaders(HttpUrlConnector.java:292)
	at org.glassfish.jersey.client.HttpUrlConnector.access$100(HttpUrlConnector.java:83)
	at org.glassfish.jersey.client.HttpUrlConnector$3.getOutputStream(HttpUrlConnector.java:266)
	at org.glassfish.jersey.message.internal.CommittingOutputStream.commitStream(CommittingOutputStream.java:200)
	at org.glassfish.jersey.message.internal.CommittingOutputStream.commitStream(CommittingOutputStream.java:194)
	at org.glassfish.jersey.message.internal.CommittingOutputStream.commit(CommittingOutputStream.java:262)
	at org.glassfish.jersey.message.internal.OutboundMessageContext.commitStream(OutboundMessageContext.java:812)
	at org.glassfish.jersey.client.ClientRequest.writeEntity(ClientRequest.java:526)
	at org.glassfish.jersey.client.HttpUrlConnector._apply(HttpUrlConnector.java:270)
	at org.glassfish.jersey.client.HttpUrlConnector.apply(HttpUrlConnector.java:182)
	at org.glassfish.jersey.client.ClientRuntime.invoke(ClientRuntime.java:227)
	... 14 more

Aug 10, 2016 2:19:50 PM com.ca.gateway.rest.commandline.command.GatewayCommand setClientConfig
WARNING: TLS hostname verification has been disabled
Aug 10, 2016 2:19:50 PM com.ca.gateway.rest.commandline.command.GatewayCommand setClientConfig
WARNING: TLS server certificate check has been disabled
Aug 10, 2016 2:19:50 PM com.ca.gateway.rest.commandline.command.Command runCommand
INFO: Running Command: migrateIn
Aug 10, 2016 2:19:53 PM com.ca.gateway.rest.commandline.command.Command runCommand
WARNING: Error executing command
javax.ws.rs.ProcessingException: Already connected
	at org.glassfish.jersey.client.ClientRuntime.invoke(ClientRuntime.java:236)
	at org.glassfish.jersey.client.JerseyInvocation$1.call(JerseyInvocation.java:655)
	at org.glassfish.jersey.client.JerseyInvocation$1.call(JerseyInvocation.java:652)
	at org.glassfish.jersey.internal.Errors.process(Errors.java:315)
	at org.glassfish.jersey.internal.Errors.process(Errors.java:297)
	at org.glassfish.jersey.internal.Errors.process(Errors.java:228)
	at org.glassfish.jersey.process.internal.RequestScope.runInScope(RequestScope.java:422)
	at org.glassfish.jersey.client.JerseyInvocation.invoke(JerseyInvocation.java:652)
	at com.ca.gateway.rest.api.GatewayManagementGatewayClient$IP10Bundle.putXml(Unknown Source)
	at com.ca.gateway.rest.api.resource.impl.BundleResource.importBundle(Unknown Source)
	at com.ca.gateway.rest.commandline.command.MigrateInCommand.a(Unknown Source)
	at com.ca.gateway.rest.commandline.command.MigrateInCommand.run(Unknown Source)
	at com.ca.gateway.rest.commandline.command.GatewayCommand.run(Unknown Source)
	at com.ca.gateway.rest.commandline.command.Command.runCommand(Unknown Source)
	at com.ca.gateway.rest.commandline.Main.main(Unknown Source)
Caused by: java.lang.IllegalStateException: Already connected
	at sun.net.www.protocol.http.HttpURLConnection.setRequestProperty(HttpURLConnection.java:3014)
	at sun.net.www.protocol.https.HttpsURLConnectionImpl.setRequestProperty(HttpsURLConnectionImpl.java:316)
	at org.glassfish.jersey.client.HttpUrlConnector.setOutboundHeaders(HttpUrlConnector.java:292)
	at org.glassfish.jersey.client.HttpUrlConnector.access$100(HttpUrlConnector.java:83)
	at org.glassfish.jersey.client.HttpUrlConnector$3.getOutputStream(HttpUrlConnector.java:266)
	at org.glassfish.jersey.message.internal.CommittingOutputStream.commitStream(CommittingOutputStream.java:200)
	at org.glassfish.jersey.message.internal.CommittingOutputStream.commitStream(CommittingOutputStream.java:194)
	at org.glassfish.jersey.message.internal.CommittingOutputStream.commit(CommittingOutputStream.java:262)
	at org.glassfish.jersey.message.internal.OutboundMessageContext.commitStream(OutboundMessageContext.java:812)
	at org.glassfish.jersey.client.ClientRequest.writeEntity(ClientRequest.java:526)
	at org.glassfish.jersey.client.HttpUrlConnector._apply(HttpUrlConnector.java:270)
	at org.glassfish.jersey.client.HttpUrlConnector.apply(HttpUrlConnector.java:182)
	at org.glassfish.jersey.client.ClientRuntime.invoke(ClientRuntime.java:227)
	... 14 more

Aug 10, 2016 2:39:47 PM com.ca.gateway.rest.commandline.command.GatewayCommand setClientConfig
WARNING: TLS hostname verification has been disabled
Aug 10, 2016 2:39:47 PM com.ca.gateway.rest.commandline.command.GatewayCommand setClientConfig
WARNING: TLS server certificate check has been disabled
Aug 10, 2016 2:39:47 PM com.ca.gateway.rest.commandline.command.Command runCommand
INFO: Running Command: migrateIn
Aug 10, 2016 2:39:50 PM com.ca.gateway.rest.commandline.command.Command runCommand
WARNING: Error executing command
javax.ws.rs.ProcessingException: Already connected
	at org.glassfish.jersey.client.ClientRuntime.invoke(ClientRuntime.java:236)
	at org.glassfish.jersey.client.JerseyInvocation$1.call(JerseyInvocation.java:655)
	at org.glassfish.jersey.client.JerseyInvocation$1.call(JerseyInvocation.java:652)
	at org.glassfish.jersey.internal.Errors.process(Errors.java:315)
	at org.glassfish.jersey.internal.Errors.process(Errors.java:297)
	at org.glassfish.jersey.internal.Errors.process(Errors.java:228)
	at org.glassfish.jersey.process.internal.RequestScope.runInScope(RequestScope.java:422)
	at org.glassfish.jersey.client.JerseyInvocation.invoke(JerseyInvocation.java:652)
	at com.ca.gateway.rest.api.GatewayManagementGatewayClient$IP10Bundle.putXml(Unknown Source)
	at com.ca.gateway.rest.api.resource.impl.BundleResource.importBundle(Unknown Source)
	at com.ca.gateway.rest.commandline.command.MigrateInCommand.a(Unknown Source)
	at com.ca.gateway.rest.commandline.command.MigrateInCommand.run(Unknown Source)
	at com.ca.gateway.rest.commandline.command.GatewayCommand.run(Unknown Source)
	at com.ca.gateway.rest.commandline.command.Command.runCommand(Unknown Source)
	at com.ca.gateway.rest.commandline.Main.main(Unknown Source)
Caused by: java.lang.IllegalStateException: Already connected
	at sun.net.www.protocol.http.HttpURLConnection.setRequestProperty(HttpURLConnection.java:3014)
	at sun.net.www.protocol.https.HttpsURLConnectionImpl.setRequestProperty(HttpsURLConnectionImpl.java:316)
	at org.glassfish.jersey.client.HttpUrlConnector.setOutboundHeaders(HttpUrlConnector.java:292)
	at org.glassfish.jersey.client.HttpUrlConnector.access$100(HttpUrlConnector.java:83)
	at org.glassfish.jersey.client.HttpUrlConnector$3.getOutputStream(HttpUrlConnector.java:266)
	at org.glassfish.jersey.message.internal.CommittingOutputStream.commitStream(CommittingOutputStream.java:200)
	at org.glassfish.jersey.message.internal.CommittingOutputStream.commitStream(CommittingOutputStream.java:194)
	at org.glassfish.jersey.message.internal.CommittingOutputStream.commit(CommittingOutputStream.java:262)
	at org.glassfish.jersey.message.internal.OutboundMessageContext.commitStream(OutboundMessageContext.java:812)
	at org.glassfish.jersey.client.ClientRequest.writeEntity(ClientRequest.java:526)
	at org.glassfish.jersey.client.HttpUrlConnector._apply(HttpUrlConnector.java:270)
	at org.glassfish.jersey.client.HttpUrlConnector.apply(HttpUrlConnector.java:182)
	at org.glassfish.jersey.client.ClientRuntime.invoke(ClientRuntime.java:227)
	... 14 more

Aug 10, 2016 3:12:41 PM com.ca.gateway.rest.commandline.command.GatewayCommand setClientConfig
WARNING: TLS hostname verification has been disabled
Aug 10, 2016 3:12:41 PM com.ca.gateway.rest.commandline.command.GatewayCommand setClientConfig
WARNING: TLS server certificate check has been disabled
Aug 10, 2016 3:12:41 PM com.ca.gateway.rest.commandline.command.Command runCommand
INFO: Running Command: migrateIn
Aug 10, 2016 4:13:18 PM com.ca.gateway.rest.commandline.command.GatewayCommand setClientConfig
WARNING: TLS hostname verification has been disabled
Aug 10, 2016 4:13:18 PM com.ca.gateway.rest.commandline.command.GatewayCommand setClientConfig
WARNING: TLS server certificate check has been disabled
Aug 10, 2016 4:13:18 PM com.ca.gateway.rest.commandline.command.Command runCommand
INFO: Running Command: migrateIn
Aug 10, 2016 4:19:23 PM com.ca.gateway.rest.commandline.command.GatewayCommand setClientConfig
WARNING: TLS hostname verification has been disabled
Aug 10, 2016 4:19:23 PM com.ca.gateway.rest.commandline.command.GatewayCommand setClientConfig
WARNING: TLS server certificate check has been disabled
Aug 10, 2016 4:19:23 PM com.ca.gateway.rest.commandline.command.Command runCommand
INFO: Running Command: migrateIn
Aug 10, 2016 4:45:24 PM com.ca.gateway.rest.commandline.command.GatewayCommand setClientConfig
WARNING: TLS hostname verification has been disabled
Aug 10, 2016 4:45:24 PM com.ca.gateway.rest.commandline.command.GatewayCommand setClientConfig
WARNING: TLS server certificate check has been disabled
Aug 10, 2016 4:45:24 PM com.ca.gateway.rest.commandline.command.Command runCommand
INFO: Running Command: migrateIn
Aug 15, 2016 7:58:30 PM com.ca.gateway.rest.commandline.command.GatewayCommand setClientConfig
WARNING: TLS hostname verification has been disabled
Aug 15, 2016 7:58:30 PM com.ca.gateway.rest.commandline.command.GatewayCommand setClientConfig
WARNING: TLS server certificate check has been disabled
Aug 15, 2016 7:58:30 PM com.ca.gateway.rest.commandline.command.Command runCommand
INFO: Running Command: migrateIn
Aug 27, 2016 10:44:01 PM com.ca.gateway.rest.commandline.command.GatewayCommand setClientConfig
WARNING: TLS hostname verification has been disabled
Aug 27, 2016 10:44:01 PM com.ca.gateway.rest.commandline.command.GatewayCommand setClientConfig
WARNING: TLS server certificate check has been disabled
Aug 27, 2016 10:44:01 PM com.ca.gateway.rest.commandline.command.Command runCommand
INFO: Running Command: migrateIn
Aug 28, 2016 10:37:04 PM com.ca.gateway.rest.commandline.command.GatewayCommand setClientConfig
WARNING: TLS hostname verification has been disabled
Aug 28, 2016 10:37:04 PM com.ca.gateway.rest.commandline.command.GatewayCommand setClientConfig
WARNING: TLS server certificate check has been disabled
Aug 28, 2016 10:37:04 PM com.ca.gateway.rest.commandline.command.Command runCommand
INFO: Running Command: migrateIn
Aug 29, 2016 8:09:56 PM com.ca.gateway.rest.commandline.command.GatewayCommand setClientConfig
WARNING: TLS hostname verification has been disabled
Aug 29, 2016 8:09:56 PM com.ca.gateway.rest.commandline.command.GatewayCommand setClientConfig
WARNING: TLS server certificate check has been disabled
Aug 29, 2016 8:09:56 PM com.ca.gateway.rest.commandline.command.Command runCommand
INFO: Running Command: migrateIn
Aug 30, 2016 9:24:13 AM com.ca.gateway.rest.commandline.command.GatewayCommand setClientConfig
WARNING: TLS hostname verification has been disabled
Aug 30, 2016 9:24:13 AM com.ca.gateway.rest.commandline.command.GatewayCommand setClientConfig
WARNING: TLS server certificate check has been disabled
Aug 30, 2016 9:24:13 AM com.ca.gateway.rest.commandline.command.Command runCommand
INFO: Running Command: migrateIn
Aug 30, 2016 12:19:21 PM com.ca.gateway.rest.commandline.command.GatewayCommand setClientConfig
WARNING: TLS hostname verification has been disabled
Aug 30, 2016 12:19:21 PM com.ca.gateway.rest.commandline.command.GatewayCommand setClientConfig
WARNING: TLS server certificate check has been disabled
Aug 30, 2016 12:19:21 PM com.ca.gateway.rest.commandline.command.Command runCommand
INFO: Running Command: migrateIn
Sep 19, 2016 5:50:27 PM com.ca.gateway.rest.commandline.command.GatewayCommand setClientConfig
WARNING: TLS hostname verification has been disabled
Sep 19, 2016 5:50:27 PM com.ca.gateway.rest.commandline.command.GatewayCommand setClientConfig
WARNING: TLS server certificate check has been disabled
Sep 19, 2016 5:50:27 PM com.ca.gateway.rest.commandline.command.Command runCommand
INFO: Running Command: migrateIn
Sep 22, 2016 8:19:07 AM com.ca.gateway.rest.commandline.command.GatewayCommand setClientConfig
WARNING: TLS hostname verification has been disabled
Sep 22, 2016 8:19:07 AM com.ca.gateway.rest.commandline.command.GatewayCommand setClientConfig
WARNING: TLS server certificate check has been disabled
Sep 22, 2016 8:19:07 AM com.ca.gateway.rest.commandline.command.Command runCommand
INFO: Running Command: migrateIn
Sep 22, 2016 11:50:37 AM com.ca.gateway.rest.commandline.command.GatewayCommand setClientConfig
WARNING: TLS hostname verification has been disabled
Sep 22, 2016 11:50:37 AM com.ca.gateway.rest.commandline.command.GatewayCommand setClientConfig
WARNING: TLS server certificate check has been disabled
Sep 22, 2016 11:50:37 AM com.ca.gateway.rest.commandline.command.Command runCommand
INFO: Running Command: migrateIn
Sep 23, 2016 11:23:40 AM com.ca.gateway.rest.commandline.command.GatewayCommand setClientConfig
WARNING: TLS hostname verification has been disabled
Sep 23, 2016 11:23:40 AM com.ca.gateway.rest.commandline.command.GatewayCommand setClientConfig
WARNING: TLS server certificate check has been disabled
Sep 23, 2016 11:23:40 AM com.ca.gateway.rest.commandline.command.Command runCommand
INFO: Running Command: migrateIn
Sep 27, 2016 11:35:26 AM com.ca.gateway.rest.commandline.command.GatewayCommand setClientConfig
WARNING: TLS hostname verification has been disabled
Sep 27, 2016 11:35:26 AM com.ca.gateway.rest.commandline.command.GatewayCommand setClientConfig
WARNING: TLS server certificate check has been disabled
Sep 27, 2016 11:35:26 AM com.ca.gateway.rest.commandline.command.Command runCommand
INFO: Running Command: migrateIn
Sep 28, 2016 1:07:54 PM com.ca.gateway.rest.commandline.command.GatewayCommand setClientConfig
WARNING: TLS hostname verification has been disabled
Sep 28, 2016 1:07:54 PM com.ca.gateway.rest.commandline.command.GatewayCommand setClientConfig
WARNING: TLS server certificate check has been disabled
Sep 28, 2016 1:07:54 PM com.ca.gateway.rest.commandline.command.Command runCommand
INFO: Running Command: migrateIn
Sep 29, 2016 1:55:50 PM com.ca.gateway.rest.commandline.command.GatewayCommand setClientConfig
WARNING: TLS hostname verification has been disabled
Sep 29, 2016 1:55:50 PM com.ca.gateway.rest.commandline.command.GatewayCommand setClientConfig
WARNING: TLS server certificate check has been disabled
Sep 29, 2016 1:55:50 PM com.ca.gateway.rest.commandline.command.Command runCommand
INFO: Running Command: migrateIn
Sep 30, 2016 1:19:28 PM com.ca.gateway.rest.commandline.command.GatewayCommand setClientConfig
WARNING: TLS hostname verification has been disabled
Sep 30, 2016 1:19:28 PM com.ca.gateway.rest.commandline.command.GatewayCommand setClientConfig
WARNING: TLS server certificate check has been disabled
Sep 30, 2016 1:19:28 PM com.ca.gateway.rest.commandline.command.Command runCommand
INFO: Running Command: migrateIn
Sep 30, 2016 1:23:17 PM com.ca.gateway.rest.commandline.command.GatewayCommand setClientConfig
WARNING: TLS hostname verification has been disabled
Sep 30, 2016 1:23:17 PM com.ca.gateway.rest.commandline.command.GatewayCommand setClientConfig
WARNING: TLS server certificate check has been disabled
Sep 30, 2016 1:23:17 PM com.ca.gateway.rest.commandline.command.Command runCommand
INFO: Running Command: migrateIn
Sep 30, 2016 1:28:20 PM com.ca.gateway.rest.commandline.command.GatewayCommand setClientConfig
WARNING: TLS hostname verification has been disabled
Sep 30, 2016 1:28:20 PM com.ca.gateway.rest.commandline.command.GatewayCommand setClientConfig
WARNING: TLS server certificate check has been disabled
Sep 30, 2016 1:28:20 PM com.ca.gateway.rest.commandline.command.Command runCommand
INFO: Running Command: migrateIn
Sep 30, 2016 2:14:43 PM com.ca.gateway.rest.commandline.command.GatewayCommand setClientConfig
WARNING: TLS hostname verification has been disabled
Sep 30, 2016 2:14:43 PM com.ca.gateway.rest.commandline.command.GatewayCommand setClientConfig
WARNING: TLS server certificate check has been disabled
Sep 30, 2016 2:14:43 PM com.ca.gateway.rest.commandline.command.Command runCommand
INFO: Running Command: migrateIn
Sep 30, 2016 4:29:50 PM com.ca.gateway.rest.commandline.command.GatewayCommand setClientConfig
WARNING: TLS hostname verification has been disabled
Sep 30, 2016 4:29:50 PM com.ca.gateway.rest.commandline.command.GatewayCommand setClientConfig
WARNING: TLS server certificate check has been disabled
Sep 30, 2016 4:29:50 PM com.ca.gateway.rest.commandline.command.Command runCommand
INFO: Running Command: migrateIn
Sep 30, 2016 4:40:42 PM com.ca.gateway.rest.commandline.command.GatewayCommand setClientConfig
WARNING: TLS hostname verification has been disabled
Sep 30, 2016 4:40:42 PM com.ca.gateway.rest.commandline.command.GatewayCommand setClientConfig
WARNING: TLS server certificate check has been disabled
Sep 30, 2016 4:40:42 PM com.ca.gateway.rest.commandline.command.Command runCommand
INFO: Running Command: migrateIn
Sep 30, 2016 6:55:14 PM com.ca.gateway.rest.commandline.command.GatewayCommand setClientConfig
WARNING: TLS hostname verification has been disabled
Sep 30, 2016 6:55:14 PM com.ca.gateway.rest.commandline.command.GatewayCommand setClientConfig
WARNING: TLS server certificate check has been disabled
Sep 30, 2016 6:55:14 PM com.ca.gateway.rest.commandline.command.Command runCommand
INFO: Running Command: migrateIn
Nov 10, 2016 12:13:51 PM com.ca.gateway.rest.commandline.command.GatewayCommand setClientConfig
WARNING: TLS hostname verification has been disabled
Nov 10, 2016 12:13:51 PM com.ca.gateway.rest.commandline.command.GatewayCommand setClientConfig
WARNING: TLS server certificate check has been disabled
Nov 10, 2016 12:13:51 PM com.ca.gateway.rest.commandline.command.Command runCommand
INFO: Running Command: migrateIn
Nov 10, 2016 12:17:02 PM com.ca.gateway.rest.commandline.command.GatewayCommand setClientConfig
WARNING: TLS hostname verification has been disabled
Nov 10, 2016 12:17:02 PM com.ca.gateway.rest.commandline.command.GatewayCommand setClientConfig
WARNING: TLS server certificate check has been disabled
Nov 10, 2016 12:17:02 PM com.ca.gateway.rest.commandline.command.Command runCommand
INFO: Running Command: migrateIn
Nov 10, 2016 12:40:06 PM com.ca.gateway.rest.commandline.command.GatewayCommand setClientConfig
WARNING: TLS hostname verification has been disabled
Nov 10, 2016 12:40:06 PM com.ca.gateway.rest.commandline.command.GatewayCommand setClientConfig
WARNING: TLS server certificate check has been disabled
Nov 10, 2016 12:40:06 PM com.ca.gateway.rest.commandline.command.Command runCommand
INFO: Running Command: migrateIn
Nov 10, 2016 12:40:50 PM com.ca.gateway.rest.commandline.command.GatewayCommand setClientConfig
WARNING: TLS hostname verification has been disabled
Nov 10, 2016 12:40:50 PM com.ca.gateway.rest.commandline.command.GatewayCommand setClientConfig
WARNING: TLS server certificate check has been disabled
Nov 10, 2016 12:40:50 PM com.ca.gateway.rest.commandline.command.Command runCommand
INFO: Running Command: migrateIn
Nov 10, 2016 12:45:11 PM com.ca.gateway.rest.commandline.command.GatewayCommand setClientConfig
WARNING: TLS hostname verification has been disabled
Nov 10, 2016 12:45:11 PM com.ca.gateway.rest.commandline.command.GatewayCommand setClientConfig
WARNING: TLS server certificate check has been disabled
Nov 10, 2016 12:45:11 PM com.ca.gateway.rest.commandline.command.Command runCommand
INFO: Running Command: migrateOut
Nov 10, 2016 12:46:04 PM com.ca.gateway.rest.commandline.command.GatewayCommand setClientConfig
WARNING: TLS hostname verification has been disabled
Nov 10, 2016 12:46:04 PM com.ca.gateway.rest.commandline.command.GatewayCommand setClientConfig
WARNING: TLS server certificate check has been disabled
Nov 10, 2016 12:46:04 PM com.ca.gateway.rest.commandline.command.Command runCommand
INFO: Running Command: migrateOut
Nov 10, 2016 12:49:54 PM com.ca.gateway.rest.commandline.command.GatewayCommand setClientConfig
WARNING: TLS hostname verification has been disabled
Nov 10, 2016 12:49:54 PM com.ca.gateway.rest.commandline.command.GatewayCommand setClientConfig
WARNING: TLS server certificate check has been disabled
Nov 10, 2016 12:49:54 PM com.ca.gateway.rest.commandline.command.Command runCommand
INFO: Running Command: migrateIn
Nov 10, 2016 12:58:32 PM com.ca.gateway.rest.commandline.command.GatewayCommand setClientConfig
WARNING: TLS hostname verification has been disabled
Nov 10, 2016 12:58:32 PM com.ca.gateway.rest.commandline.command.GatewayCommand setClientConfig
WARNING: TLS server certificate check has been disabled
Nov 10, 2016 12:58:32 PM com.ca.gateway.rest.commandline.command.Command runCommand
INFO: Running Command: migrateIn
Nov 10, 2016 1:03:14 PM com.ca.gateway.rest.commandline.command.GatewayCommand setClientConfig
WARNING: TLS hostname verification has been disabled
Nov 10, 2016 1:03:14 PM com.ca.gateway.rest.commandline.command.GatewayCommand setClientConfig
WARNING: TLS server certificate check has been disabled
Nov 10, 2016 1:03:14 PM com.ca.gateway.rest.commandline.command.Command runCommand
INFO: Running Command: migrateOut
Nov 10, 2016 1:06:47 PM com.ca.gateway.rest.commandline.command.GatewayCommand setClientConfig
WARNING: TLS hostname verification has been disabled
Nov 10, 2016 1:06:47 PM com.ca.gateway.rest.commandline.command.GatewayCommand setClientConfig
WARNING: TLS server certificate check has been disabled
Nov 10, 2016 1:06:47 PM com.ca.gateway.rest.commandline.command.Command runCommand
INFO: Running Command: migrateIn
Nov 10, 2016 1:10:51 PM com.ca.gateway.rest.commandline.command.GatewayCommand setClientConfig
WARNING: TLS hostname verification has been disabled
Nov 10, 2016 1:10:51 PM com.ca.gateway.rest.commandline.command.GatewayCommand setClientConfig
WARNING: TLS server certificate check has been disabled
Nov 10, 2016 1:10:51 PM com.ca.gateway.rest.commandline.command.Command runCommand
INFO: Running Command: migrateIn
